[debug] ----------------------------------------------------------------------
[debug] Command:      C:\Program Files\nodejs\node.exe C:\Users\User\AppData\Roaming\npm\node_modules\firebase-tools\bin\firebase serve
[debug] CLI Version:  3.2.0
[debug] Platform:     win32
[debug] Node Version: v6.9.2
[debug] Time:         Wed Dec 14 2016 12:09:08 GMT+0200 (South Africa Standard Time)
[debug] ----------------------------------------------------------------------
[debug] 
[info] Starting Firebase development server...
[info] 
[info] Project Directory: C:\Users\User\Documents\www\angular-projects\angularfire\travaar
[info] Public Directory: public
[info] 
[info] Server listening at: http://localhost:5000
[debug] ----------------------------------------------------------------------
[debug] Command:      c:\Program Files\nodejs\node.exe c:\Users\pcc\AppData\Roaming\npm\node_modules\firebase-tools\bin\firebase serve
[debug] CLI Version:  3.0.8
[debug] Platform:     win32
[debug] Node Version: v4.4.7
[debug] Time:         Thu Dec 15 2016 01:03:35 GMT+0200 (South Africa Standard Time)
[debug] ----------------------------------------------------------------------
[debug] 
[info] Starting Firebase development server...
[info] 
[info] Project Directory: c:\wamp\www\angular-projects\angularfire\KBP_MVP1\travaar-web-app
[info] Public Directory: public
[info] 
[info] Server listening at: http://localhost:5000
[debug] ----------------------------------------------------------------------
[debug] Command:      c:\Program Files\nodejs\node.exe c:\Users\pcc\AppData\Roaming\npm\node_modules\firebase-tools\bin\firebase serve
[debug] CLI Version:  3.0.8
[debug] Platform:     win32
[debug] Node Version: v4.4.7
[debug] Time:         Thu Dec 15 2016 01:58:30 GMT+0200 (South Africa Standard Time)
[debug] ----------------------------------------------------------------------
[debug] 
[info] Starting Firebase development server...
[info] 
[info] Project Directory: c:\wamp\www\angular-projects\angularfire\KBP_MVP1\travaar-web-app
[info] Public Directory: public
[info] 
[info] Server listening at: http://localhost:5000
[info] Shutting down...
